<?xml version="1.0" encoding="UTF-8" ?>
<testsuite failures="0" time="3.857" errors="0" skipped="0" tests="6" name="com.weatherapp.tests.WeatherControllerTest">
  <properties>
[...]
</properties>
  <testcase time="0.929" classname="com.weatherapp.tests.WeatherControllerTest" name="testIncompleteZip"/>
  <testcase time="2.562" classname="com.weatherapp.tests.WeatherControllerTest" name="testValidZip"/>
  <testcase time="0.061" classname="com.weatherapp.tests.WeatherControllerTest" name="testNegativeZip"/>
  <testcase time="0.023" classname="com.weatherapp.tests.WeatherControllerTest" name="testBlankZip"/>
  <testcase time="0.023" classname="com.weatherapp.tests.WeatherControllerTest" name="testInvalidFormatZip"/>
  <testcase time="0.13" classname="com.weatherapp.tests.WeatherControllerTest" name="testZipNotFound"/>
</testsuite>